<?xml version="1.0" encoding="UTF-8"?>
<!-- Generated by org.testng.reporters.JUnitReportReporter -->
<testsuite hostname="DESKTOP-OC0MONQ" failures="0" tests="1" name="testCaseRepo.TC_002" time="21.476" errors="0" timestamp="2025-04-01T10:46:23 IST" skipped="0">
  <testcase classname="testCaseRepo.TC_002" name="LE_001" time="21.476">
    <system-out>
      <![CDATA[LE_001 On Test Start executed
LE_001 On Test Sucess executed]]>
    </system-out>
  </testcase> <!-- LE_001 -->
  <system-out>
    <![CDATA[LE_001 On Test Start executed
LE_001 On Test Sucess executed
LE_001 On Test Start executed
LE_001 On Test Sucess executed
CON_002 On Test Start executed
CON_002 On Test Failure executed
CON_001 On Test Start executed
CON_001 On Test Sucess executed
LE_001 On Test Start executed
LE_001 On Test Sucess executed]]>
  </system-out>
</testsuite> <!-- testCaseRepo.TC_002 -->
