<?xml version="1.0" encoding="UTF-8"?>
<!-- Generated by org.testng.reporters.JUnitReportReporter -->
<testsuite hostname="DESKTOP-OC0MONQ" failures="0" tests="1" name="Sample.TestNGPractice" time="0.022" errors="0" timestamp="2025-03-14T20:01:51 IST" skipped="0">
  <testcase classname="Sample.TestNGPractice" name="createUser" time="0.022"/>
</testsuite> <!-- Sample.TestNGPractice -->
