<?xml version="1.0" encoding="UTF-8"?>
<!-- Generated by org.testng.reporters.JUnitReportReporter -->
<testsuite hostname="DESKTOP-OC0MONQ" failures="0" tests="1" name="testCaseRepo.TC_002" time="21.469" errors="0" timestamp="2025-03-19T10:37:29 IST" skipped="0">
  <testcase classname="testCaseRepo.TC_002" name="LE_001" time="21.469"/>
</testsuite> <!-- testCaseRepo.TC_002 -->
