<?xml version="1.0" encoding="UTF-8"?>
<!-- Generated by org.testng.reporters.JUnitReportReporter -->
<testsuite hostname="DESKTOP-OC0MONQ" failures="0" tests="1" name="Sample.HardAssertionPractice" time="0.016" errors="0" timestamp="2025-03-14T20:15:37 IST" skipped="0">
  <testcase classname="Sample.HardAssertionPractice" name="strictLevelComparison" time="0.016"/>
</testsuite> <!-- Sample.HardAssertionPractice -->
