<?xml version="1.0" encoding="UTF-8"?>
<!-- Generated by org.testng.reporters.JUnitReportReporter -->
<testsuite hostname="DESKTOP-OC0MONQ" failures="0" tests="1" name="testCaseRepo.TC_004" time="18.105" errors="0" timestamp="2025-03-19T10:27:21 IST" skipped="0">
  <testcase classname="testCaseRepo.TC_004" name="CON_001" time="18.105"/>
</testsuite> <!-- testCaseRepo.TC_004 -->
