<?xml version="1.0" encoding="UTF-8"?>
<!-- Generated by org.testng.reporters.JUnitReportReporter -->
<testsuite hostname="DESKTOP-OC0MONQ" failures="0" tests="2" name="Sample.TestNGPractice" time="0.016" errors="0" timestamp="2025-03-25T10:20:09 IST" skipped="0">
  <testcase classname="Sample.TestNGPractice" name="createUser" time="0.016">
    <system-out>
      <![CDATA[createUser On Test Start executed
createUser On Test Sucess executed]]>
    </system-out>
  </testcase> <!-- createUser -->
  <testcase classname="Sample.TestNGPractice" name="deleteUser" time="0.000">
    <system-out>
      <![CDATA[deleteUser On Test Start executed
deleteUser On Test Sucess executed]]>
    </system-out>
  </testcase> <!-- deleteUser -->
  <system-out>
    <![CDATA[createUser On Test Start executed
createUser On Test Sucess executed
deleteUser On Test Start executed
deleteUser On Test Sucess executed
LE_001 On Test Start executed
LE_001 On Test Failure executed]]>
  </system-out>
</testsuite> <!-- Sample.TestNGPractice -->
