<?xml version="1.0" encoding="UTF-8"?>
<!-- Generated by org.testng.reporters.JUnitReportReporter -->
<testsuite hostname="DESKTOP-OC0MONQ" failures="0" tests="1" name="testCaseRepo.TC_003" time="16.125" errors="0" timestamp="2025-03-26T09:48:32 IST" skipped="0">
  <testcase classname="testCaseRepo.TC_003" name="LE_001" time="16.125">
    <system-out>
      <![CDATA[LE_001 On Test Start executed
LE_001 On Test Sucess executed]]>
    </system-out>
  </testcase> <!-- LE_001 -->
  <system-out>
    <![CDATA[LE_001 On Test Start executed
LE_001 On Test Sucess executed
LE_001 On Test Start executed
LE_001 On Test Sucess executed
CON_002 On Test Start executed
CON_002 On Test Failure executed
CON_001 On Test Start executed
CON_001 On Test Sucess executed
LE_001 On Test Start executed
LE_001 On Test Sucess executed
LE_001 On Test Start executed
LE_001 On Test Sucess executed
LE_001 On Test Start executed
LE_001 On Test Sucess executed
CON_002 On Test Start executed
CON_002 On Test Failure executed]]>
  </system-out>
</testsuite> <!-- testCaseRepo.TC_003 -->
